--------------------
EXPID: esm-ssp585       
--------------------
                    
START CMOR...       
Fri Jun 19 16:59:29 CEST 2020             
                    
CaseName: 
expid   : esm-ssp585
version : v20200218
real    : 
2015 2020
2021 2030
2031 2040
2041 2050
2051 2060
2061 2070
2071 2080
2081 2090
2091 2100
         
CMOR DONE
Mon Jun 22 00:40:42 CEST 2020  
~~~~~~~~~
~~~~~~~~~~~~~~~~~~~~
PrePARE QC CHECK... 
5284 files           
                    
         
QC DONE  
~~~~~~~~~
         
~~~~~~~~~~~~~~~~
LINKING FILES...
                
.cmorout/NorESM2-LM/esm-ssp585/v20200218
Total 5284 files

                       
LINKS DONE             
~~~~~~~~~~~~~~~~~~~~~~~
                       
~~~~~~~~~~~~~~~~~~~~~~~
UPDATING SHA256SUM...  
                       
.cmorout/NorESM2-LM/esm-ssp585/v20200218
Total 5284 files

                       
SHA256SUM DONE         
~~~~~~~~~~~~~~~~~~~~~~~
