--------------------
EXPID: ssp245       
--------------------
                    
START CMOR...       
Thu Aug 20 11:14:21 CEST 2020             
                    
CaseName: NSSP245frc2_02_f09_tn14_20200629
expid   : ssp245
version : v20200702
real    : 2
physics : 1
2014 2020
2021 2030
2031 2040
2041 2050
2051 2060
2061 2070
2071 2080
2081 2090
2091 2100
         
CMOR DONE
Mon Aug 24 22:37:54 CEST 2020  
~~~~~~~~~
~~~~~~~~~~~~~~~~~~~~
PrePARE QC CHECK... 
5238 files           
                    
         
QC DONE  
~~~~~~~~~
         
~~~~~~~~~~~~~~~~
LINKING FILES...
                
.cmorout/NorESM2-MM/ssp245/v20200702
Total 5238 files

                       
LINKS DONE             
~~~~~~~~~~~~~~~~~~~~~~~
                       
~~~~~~~~~~~~~~~~~~~~~~~
UPDATING SHA256SUM...  
                       
.cmorout/NorESM2-MM/ssp245/v20200702
Total 5238 files

                       
SHA256SUM DONE         
~~~~~~~~~~~~~~~~~~~~~~~
