--------------------
EXPID: ssp370SST       
--------------------
                    
START CMOR...       
Sun Apr 26 20:57:18 CEST 2020             
                    
CaseName: NFSSP370frc2norbc_f19_20200110
expid   : ssp370SST
version : v20200218
real    : 1
2015 2020
2021 2030
2031 2040
2041 2050
2051 2060
2061 2070
2071 2080
2081 2090
2091 2100
         
CMOR DONE
Mon Apr 27 22:30:13 CEST 2020  
~~~~~~~~~
~~~~~~~~~~~~~~~~~~~~
PrePARE QC CHECK... 
2497 files           
                    
         
QC DONE  
~~~~~~~~~
         
~~~~~~~~~~~~~~~~
LINKING FILES...
                
.cmorout/NorESM2-LM/ssp370SST/v20200218
Total 2497 files

                       
LINKS DONE             
~~~~~~~~~~~~~~~~~~~~~~~
                       
~~~~~~~~~~~~~~~~~~~~~~~
UPDATING SHA256SUM...  
                       
.cmorout/NorESM2-LM/ssp370SST/v20200218
Total 2497 files

                       
SHA256SUM DONE         
~~~~~~~~~~~~~~~~~~~~~~~
