--------------------
EXPID: ssp370-lowAer       
--------------------
                    
START CMOR...       
Sun Apr 26 21:12:18 CEST 2020             
                    
CaseName: NFSSP370frc2norbc_aerlow_f19_20200110
expid   : ssp370-lowAer
version : v20200218
real    : 1
2015 2020
2021 2030
2031 2040
2041 2050
2051 2060
2061 2070
2071 2080
2081 2090
2091 2100
         
CMOR DONE
Tue Apr 28 01:31:01 CEST 2020  
~~~~~~~~~
~~~~~~~~~~~~~~~~~~~~
PrePARE QC CHECK... 
/projects/NS9560K/cmor/noresm2cmor/workflow/cmorQC.sh: line 53: cd: /projects/NS9034K/CMIP6/.cmorout/NorESM2-LM/ssp370-lowAer: No such file or directory
0 files           
                    
/projects/NS9560K/cmor/noresm2cmor/workflow/cmorQC.sh: line 2: v20200218.QCreport: No such file or directory
         
QC DONE  
~~~~~~~~~
         
~~~~~~~~~~~~~~~~
LINKING FILES...
                
.cmorout/NorESM2-LM/ssp370-lowAer/v20200218
find: ‘.cmorout/NorESM2-LM/ssp370-lowAer/v20200218’: No such file or directory
Total 0 files

cdo (Abort): Too few streams specified! Operator showattribute,activity_id needs 1 input stream and 0 output stream!
/projects/NS9560K/cmor/noresm2cmor/workflow/cmorLink.sh: line 100: .cmorout/NorESM2-LM/ssp370-lowAer/v20200218.links: No such file or directory

                       
LINKS DONE             
~~~~~~~~~~~~~~~~~~~~~~~
                       
~~~~~~~~~~~~~~~~~~~~~~~
UPDATING SHA256SUM...  
                       
.cmorout/NorESM2-LM/ssp370-lowAer/v20200218
                       
ERROR: /projects/NS9034K/CMIP6/.cmorout/NorESM2-LM/ssp370-lowAer/v20200218.links does not exits.
EXIT...                
